#
# A fatal error has been detected by the Java Runtime Environment:
#
#  EXCEPTION_ACCESS_VIOLATION (0xc0000005) at pc=0x000000006f70a0a5, pid=10052, tid=0x0000000000001f50
#
# JRE version: Java(TM) SE Runtime Environment (8.0_101-b13) (build 1.8.0_101-b13)
# Java VM: Java HotSpot(TM) 64-Bit Server VM (25.101-b13 mixed mode windows-amd64 compressed oops)
# Problematic frame:
# V  [jvm.dll+0x12a0a5]
#
# Failed to write core dump. Minidumps are not enabled by default on client versions of Windows
#
# If you would like to submit a bug report, please visit:
#   http://bugreport.java.com/bugreport/crash.jsp
#

---------------  T H R E A D  ---------------

Current thread (0x000000001d458800):  JavaThread "JDWP Transport Listener: dt_socket" daemon [_thread_in_vm, id=8016, stack(0x000000001e150000,0x000000001e250000)]

siginfo: ExceptionCode=0xc0000005, reading address 0xffffffffffffffff

Registers:
RAX=0x000000001e24f201, RBX=0x000000001d458800, RCX=0x293b676e69727453, RDX=0x0000000000000000
RSP=0x000000001e24f290, RBP=0x293b676e69727453, RSI=0x000000001e24f3a8, RDI=0x000000000237c720
R8 =0x000000001d458800, R9 =0x000000000000ff00, R10=0x0000000000000000, R11=0x004e596502bc0041
R12=0x0000000000000000, R13=0x000000001d451788, R14=0x0000000000000000, R15=0x0000000000000000
RIP=0x000000006f70a0a5, EFLAGS=0x0000000000010206

Top of Stack: (sp=0x000000001e24f290)
0x000000001e24f290:   000000001d458800 000000001fbdbe40
0x000000001e24f2a0:   000000001e24f358 000000006f912f0b
0x000000001e24f2b0:   000000001d458800 000000006f92f76d
0x000000001e24f2c0:   0000000000000000 0000000055559155
0x000000001e24f2d0:   000000001f30efd8 000000005556291e
0x000000001e24f2e0:   000000001d458800 0000000000000000
0x000000001e24f2f0:   0000000000000000 0000000000000000
0x000000001e24f300:   293b676e69727453 0000000055561a15
0x000000001e24f310:   000000001e24f3a8 000000001e24f380
0x000000001e24f320:   0000000000000001 000000001f30efd8
0x000000001e24f330:   293b676e69727453 00000000555453b3
0x000000001e24f340:   000000001e24f470 0000000000000001
0x000000001e24f350:   0000000000000001 000000001f30efd8
0x000000001e24f360:   00000000f000100a 0000000000000000
0x000000001e24f370:   0000000000000000 0000000000000000
0x000000001e24f380:   0000000000000001 0000000055545571 

Instructions: (pc=0x000000006f70a0a5)
0x000000006f70a085:   cc cc cc cc cc cc cc cc cc cc cc 48 83 ec 28 48
0x000000006f70a095:   85 c9 75 07 33 c0 48 83 c4 28 c3 48 89 5c 24 20
0x000000006f70a0a5:   48 8b 19 48 85 db 74 20 48 83 fb 37 74 1a 48 8b
0x000000006f70a0b5:   13 48 8b cb ff 52 10 84 c0 74 0d 48 8b c3 48 8b 


Register to memory mapping:

RAX=0x000000001e24f201 is pointing into the stack for thread: 0x000000001d458800
RBX=0x000000001d458800 is a thread
RCX=0x293b676e69727453 is an unknown value
RDX=0x0000000000000000 is an unknown value
RSP=0x000000001e24f290 is pointing into the stack for thread: 0x000000001d458800
RBP=0x293b676e69727453 is an unknown value
RSI=0x000000001e24f3a8 is pointing into the stack for thread: 0x000000001d458800
RDI=0x000000000237c720 is an unknown value
R8 =0x000000001d458800 is a thread
R9 =0x000000000000ff00 is an unknown value
R10=0x0000000000000000 is an unknown value
R11=0x004e596502bc0041 is an unknown value
R12=0x0000000000000000 is an unknown value
R13=0x000000001d451788 is an unknown value
R14=0x0000000000000000 is an unknown value
R15=0x0000000000000000 is an unknown value


Stack: [0x000000001e150000,0x000000001e250000],  sp=0x000000001e24f290,  free space=1020k
Native frames: (J=compiled Java code, j=interpreted, Vv=VM code, C=native code)
V  [jvm.dll+0x12a0a5]
V  [jvm.dll+0x34f76d]
C  [jdwp.dll+0x21a15]
C  [jdwp.dll+0x53b3]
C  [jdwp.dll+0x5571]
C  [jdwp.dll+0xf0a8]
C  [jdwp.dll+0x1f2d5]
C  [jdwp.dll+0x1f4aa]
V  [jvm.dll+0x1bd258]
V  [jvm.dll+0x2451a4]
V  [jvm.dll+0x29c18a]
C  [msvcr100.dll+0x21d9f]
C  [msvcr100.dll+0x21e3b]
C  [kernel32.dll+0x159cd]
C  [ntdll.dll+0x2a2e1]


---------------  P R O C E S S  ---------------

Java Threads: ( => current thread )
  0x000000001f2a0000 JavaThread "Thread-25" daemon [_thread_in_native, id=11400, stack(0x0000000024be0000,0x0000000024ce0000)]
  0x000000001f29f000 JavaThread "Thread-24" daemon [_thread_in_native, id=1112, stack(0x00000000243d0000,0x00000000244d0000)]
  0x000000001f29e800 JavaThread "Thread-23" [_thread_in_native, id=2452, stack(0x0000000022cc0000,0x0000000022dc0000)]
  0x000000001f93d000 JavaThread "ReaderThread" [_thread_in_native, id=11720, stack(0x0000000021250000,0x0000000021350000)]
  0x000000001d4e8800 JavaThread "Service Thread" daemon [_thread_blocked, id=10596, stack(0x000000001e6f0000,0x000000001e7f0000)]
  0x000000001d474800 JavaThread "C1 CompilerThread2" daemon [_thread_blocked, id=8028, stack(0x000000001e3d0000,0x000000001e4d0000)]
  0x000000001d471000 JavaThread "C2 CompilerThread1" daemon [_thread_blocked, id=5140, stack(0x000000001e4f0000,0x000000001e5f0000)]
  0x000000001d46d000 JavaThread "C2 CompilerThread0" daemon [_thread_blocked, id=12216, stack(0x000000001dd90000,0x000000001de90000)]
  0x000000001d45f800 JavaThread "JDWP Command Reader" daemon [_thread_in_native, id=7520, stack(0x000000001e2d0000,0x000000001e3d0000)]
  0x000000001d45e000 JavaThread "JDWP Event Helper Thread" daemon [_thread_blocked, id=2652, stack(0x000000001df60000,0x000000001e060000)]
=>0x000000001d458800 JavaThread "JDWP Transport Listener: dt_socket" daemon [_thread_in_vm, id=8016, stack(0x000000001e150000,0x000000001e250000)]
  0x000000001d444800 JavaThread "Attach Listener" daemon [_thread_blocked, id=7364, stack(0x000000001d200000,0x000000001d300000)]
  0x000000001bfff000 JavaThread "Signal Dispatcher" daemon [_thread_blocked, id=9460, stack(0x000000001d850000,0x000000001d950000)]
  0x000000001bfe6800 JavaThread "Finalizer" daemon [_thread_blocked, id=7944, stack(0x000000001d340000,0x000000001d440000)]
  0x000000001bf9d000 JavaThread "Reference Handler" daemon [_thread_blocked, id=6028, stack(0x000000001d080000,0x000000001d180000)]
  0x0000000002381000 JavaThread "main" [_thread_blocked, id=12148, stack(0x0000000002480000,0x0000000002580000)]

Other Threads:
  0x000000001bf95800 VMThread [stack: 0x000000001cf80000,0x000000001d080000] [id=8456]
  0x000000001d537000 WatcherThread [stack: 0x000000001e840000,0x000000001e940000] [id=5808]

VM state:not at safepoint (normal execution)

VM Mutex/Monitor currently owned by a thread: None

Heap:
 PSYoungGen      total 144896K, used 11229K [0x000000076c700000, 0x0000000776d80000, 0x00000007c0000000)
  eden space 143360K, 6% used [0x000000076c700000,0x000000076d087050,0x0000000775300000)
  from space 1536K, 95% used [0x0000000775d00000,0x0000000775e70540,0x0000000775e80000)
  to   space 9216K, 0% used [0x0000000776480000,0x0000000776480000,0x0000000776d80000)
 ParOldGen       total 93184K, used 6916K [0x00000006c5400000, 0x00000006caf00000, 0x000000076c700000)
  object space 93184K, 7% used [0x00000006c5400000,0x00000006c5ac1178,0x00000006caf00000)
 Metaspace       used 26524K, capacity 27092K, committed 27264K, reserved 1073152K
  class space    used 3209K, capacity 3367K, committed 3456K, reserved 1048576K

Card table byte_map: [0x0000000011cf0000,0x00000000124d0000] byte_map_base: 0x000000000e6c6000

Marking Bits: (ParMarkBitMap*) 0x000000006fdfa6d0
 Begin Bits: [0x00000000130c0000, 0x0000000016f70000)
 End Bits:   [0x0000000016f70000, 0x000000001ae20000)

Polling page: 0x0000000000370000

CodeCache: size=245760Kb used=14912Kb max_used=14912Kb free=230848Kb
 bounds [0x0000000002930000, 0x00000000037d0000, 0x0000000011930000]
 total_blobs=4013 nmethods=3595 adapters=338
 compilation: enabled

Compilation events (10 events):
Event: 131.300 Thread 0x000000001d474800 4189   !   3       com.google.gson.JsonParser::parse (100 bytes)
Event: 131.302 Thread 0x000000001d474800 nmethod 4189 0x00000000037cce10 code [0x00000000037cd120, 0x00000000037ceb08]
Event: 131.303 Thread 0x000000001d474800 4190   !   3       com.google.gson.internal.Streams::parse (68 bytes)
Event: 131.304 Thread 0x000000001d474800 nmethod 4190 0x00000000037a77d0 code [0x00000000037a79e0, 0x00000000037a81d8]
Event: 131.304 Thread 0x000000001d474800 4191       3       com.google.gson.internal.bind.TypeAdapters$25::read (6 bytes)
Event: 131.304 Thread 0x000000001d474800 nmethod 4191 0x00000000037a7390 code [0x00000000037a7500, 0x00000000037a7728]
Event: 131.313 Thread 0x000000001d474800 4192       1       java.lang.StackTraceElement::getClassName (5 bytes)
Event: 131.313 Thread 0x000000001d474800 nmethod 4192 0x00000000037a4c90 code [0x00000000037a4de0, 0x00000000037a4ef0]
Event: 131.313 Thread 0x000000001d474800 4193   !   3       sun.nio.cs.StreamEncoder::flushBuffer (42 bytes)
Event: 131.313 Thread 0x000000001d474800 nmethod 4193 0x00000000037a6910 code [0x00000000037a6ac0, 0x00000000037a7098]

GC Heap History (10 events):
Event: 98.293 GC heap before
{Heap before GC invocations=12 (full 1):
 PSYoungGen      total 169472K, used 169111K [0x000000076c700000, 0x0000000778200000, 0x00000007c0000000)
  eden space 167424K, 100% used [0x000000076c700000,0x0000000776a80000,0x0000000776a80000)
  from space 2048K, 82% used [0x0000000778000000,0x00000007781a5ff0,0x0000000778200000)
  to   space 10752K, 0% used [0x0000000776d00000,0x0000000776d00000,0x0000000777780000)
 ParOldGen       total 93184K, used 6900K [0x00000006c5400000, 0x00000006caf00000, 0x000000076c700000)
  object space 93184K, 7% used [0x00000006c5400000,0x00000006c5abd178,0x00000006caf00000)
 Metaspace       used 26364K, capacity 26900K, committed 27008K, reserved 1073152K
  class space    used 3204K, capacity 3367K, committed 3456K, reserved 1048576K
Event: 98.299 GC heap after
Heap after GC invocations=12 (full 1):
 PSYoungGen      total 164352K, used 1859K [0x000000076c700000, 0x0000000778080000, 0x00000007c0000000)
  eden space 162304K, 0% used [0x000000076c700000,0x000000076c700000,0x0000000776580000)
  from space 2048K, 90% used [0x0000000776d00000,0x0000000776ed0fe0,0x0000000776f00000)
  to   space 10752K, 0% used [0x0000000777600000,0x0000000777600000,0x0000000778080000)
 ParOldGen       total 93184K, used 6900K [0x00000006c5400000, 0x00000006caf00000, 0x000000076c700000)
  object space 93184K, 7% used [0x00000006c5400000,0x00000006c5abd178,0x00000006caf00000)
 Metaspace       used 26364K, capacity 26900K, committed 27008K, reserved 1073152K
  class space    used 3204K, capacity 3367K, committed 3456K, reserved 1048576K
}
Event: 112.449 GC heap before
{Heap before GC invocations=13 (full 1):
 PSYoungGen      total 164352K, used 164163K [0x000000076c700000, 0x0000000778080000, 0x00000007c0000000)
  eden space 162304K, 100% used [0x000000076c700000,0x0000000776580000,0x0000000776580000)
  from space 2048K, 90% used [0x0000000776d00000,0x0000000776ed0fe0,0x0000000776f00000)
  to   space 10752K, 0% used [0x0000000777600000,0x0000000777600000,0x0000000778080000)
 ParOldGen       total 93184K, used 6900K [0x00000006c5400000, 0x00000006caf00000, 0x000000076c700000)
  object space 93184K, 7% used [0x00000006c5400000,0x00000006c5abd178,0x00000006caf00000)
 Metaspace       used 26410K, capacity 26964K, committed 27264K, reserved 1073152K
  class space    used 3204K, capacity 3367K, committed 3456K, reserved 1048576K
Event: 112.470 GC heap after
Heap after GC invocations=13 (full 1):
 PSYoungGen      total 158720K, used 1461K [0x000000076c700000, 0x0000000777780000, 0x00000007c0000000)
  eden space 157184K, 0% used [0x000000076c700000,0x000000076c700000,0x0000000776080000)
  from space 1536K, 95% used [0x0000000777600000,0x000000077776d550,0x0000000777780000)
  to   space 10240K, 0% used [0x0000000776380000,0x0000000776380000,0x0000000776d80000)
 ParOldGen       total 93184K, used 6900K [0x00000006c5400000, 0x00000006caf00000, 0x000000076c700000)
  object space 93184K, 7% used [0x00000006c5400000,0x00000006c5abd178,0x00000006caf00000)
 Metaspace       used 26410K, capacity 26964K, committed 27264K, reserved 1073152K
  class space    used 3204K, capacity 3367K, committed 3456K, reserved 1048576K
}
Event: 114.140 GC heap before
{Heap before GC invocations=14 (full 1):
 PSYoungGen      total 158720K, used 158645K [0x000000076c700000, 0x0000000777780000, 0x00000007c0000000)
  eden space 157184K, 100% used [0x000000076c700000,0x0000000776080000,0x0000000776080000)
  from space 1536K, 95% used [0x0000000777600000,0x000000077776d550,0x0000000777780000)
  to   space 10240K, 0% used [0x0000000776380000,0x0000000776380000,0x0000000776d80000)
 ParOldGen       total 93184K, used 6900K [0x00000006c5400000, 0x00000006caf00000, 0x000000076c700000)
  object space 93184K, 7% used [0x00000006c5400000,0x00000006c5abd178,0x00000006caf00000)
 Metaspace       used 26418K, capacity 26964K, committed 27264K, reserved 1073152K
  class space    used 3204K, capacity 3367K, committed 3456K, reserved 1048576K
Event: 114.143 GC heap after
Heap after GC invocations=14 (full 1):
 PSYoungGen      total 154624K, used 1655K [0x000000076c700000, 0x0000000777680000, 0x00000007c0000000)
  eden space 152576K, 0% used [0x000000076c700000,0x000000076c700000,0x0000000775c00000)
  from space 2048K, 80% used [0x0000000776380000,0x000000077651dff0,0x0000000776580000)
  to   space 9728K, 0% used [0x0000000776d00000,0x0000000776d00000,0x0000000777680000)
 ParOldGen       total 93184K, used 6908K [0x00000006c5400000, 0x00000006caf00000, 0x000000076c700000)
  object space 93184K, 7% used [0x00000006c5400000,0x00000006c5abf178,0x00000006caf00000)
 Metaspace       used 26418K, capacity 26964K, committed 27264K, reserved 1073152K
  class space    used 3204K, capacity 3367K, committed 3456K, reserved 1048576K
}
Event: 115.355 GC heap before
{Heap before GC invocations=15 (full 1):
 PSYoungGen      total 154624K, used 154231K [0x000000076c700000, 0x0000000777680000, 0x00000007c0000000)
  eden space 152576K, 100% used [0x000000076c700000,0x0000000775c00000,0x0000000775c00000)
  from space 2048K, 80% used [0x0000000776380000,0x000000077651dff0,0x0000000776580000)
  to   space 9728K, 0% used [0x0000000776d00000,0x0000000776d00000,0x0000000777680000)
 ParOldGen       total 93184K, used 6908K [0x00000006c5400000, 0x00000006caf00000, 0x000000076c700000)
  object space 93184K, 7% used [0x00000006c5400000,0x00000006c5abf178,0x00000006caf00000)
 Metaspace       used 26418K, capacity 26964K, committed 27264K, reserved 1073152K
  class space    used 3204K, capacity 3367K, committed 3456K, reserved 1048576K
Event: 115.360 GC heap after
Heap after GC invocations=15 (full 1):
 PSYoungGen      total 150016K, used 1591K [0x000000076c700000, 0x0000000776f00000, 0x00000007c0000000)
  eden space 147968K, 0% used [0x000000076c700000,0x000000076c700000,0x0000000775780000)
  from space 2048K, 77% used [0x0000000776d00000,0x0000000776e8dff0,0x0000000776f00000)
  to   space 9216K, 0% used [0x0000000775d00000,0x0000000775d00000,0x0000000776600000)
 ParOldGen       total 93184K, used 6908K [0x00000006c5400000, 0x00000006caf00000, 0x000000076c700000)
  object space 93184K, 7% used [0x00000006c5400000,0x00000006c5abf178,0x00000006caf00000)
 Metaspace       used 26418K, capacity 26964K, committed 27264K, reserved 1073152K
  class space    used 3204K, capacity 3367K, committed 3456K, reserved 1048576K
}
Event: 127.014 GC heap before
{Heap before GC invocations=16 (full 1):
 PSYoungGen      total 150016K, used 149559K [0x000000076c700000, 0x0000000776f00000, 0x00000007c0000000)
  eden space 147968K, 100% used [0x000000076c700000,0x0000000775780000,0x0000000775780000)
  from space 2048K, 77% used [0x0000000776d00000,0x0000000776e8dff0,0x0000000776f00000)
  to   space 9216K, 0% used [0x0000000775d00000,0x0000000775d00000,0x0000000776600000)
 ParOldGen       total 93184K, used 6908K [0x00000006c5400000, 0x00000006caf00000, 0x000000076c700000)
  object space 93184K, 7% used [0x00000006c5400000,0x00000006c5abf178,0x00000006caf00000)
 Metaspace       used 26464K, capacity 27028K, committed 27264K, reserved 1073152K
  class space    used 3205K, capacity 3367K, committed 3456K, reserved 1048576K
Event: 127.033 GC heap after
Heap after GC invocations=16 (full 1):
 PSYoungGen      total 144896K, used 1473K [0x000000076c700000, 0x0000000776d80000, 0x00000007c0000000)
  eden space 143360K, 0% used [0x000000076c700000,0x000000076c700000,0x0000000775300000)
  from space 1536K, 95% used [0x0000000775d00000,0x0000000775e70540,0x0000000775e80000)
  to   space 9216K, 0% used [0x0000000776480000,0x0000000776480000,0x0000000776d80000)
 ParOldGen       total 93184K, used 6916K [0x00000006c5400000, 0x00000006caf00000, 0x000000076c700000)
  object space 93184K, 7% used [0x00000006c5400000,0x00000006c5ac1178,0x00000006caf00000)
 Metaspace       used 26464K, capacity 27028K, committed 27264K, reserved 1073152K
  class space    used 3205K, capacity 3367K, committed 3456K, reserved 1048576K
}

Deoptimization events (10 events):
Event: 116.483 Thread 0x0000000002381000 Uncommon trap: reason=range_check action=none pc=0x0000000003181274 method=sun.reflect.generics.parser.SignatureParser.current()C @ 34
Event: 116.483 Thread 0x0000000002381000 Uncommon trap: reason=range_check action=none pc=0x0000000003181274 method=sun.reflect.generics.parser.SignatureParser.current()C @ 34
Event: 116.483 Thread 0x0000000002381000 Uncommon trap: reason=range_check action=none pc=0x0000000003181274 method=sun.reflect.generics.parser.SignatureParser.current()C @ 34
Event: 116.483 Thread 0x0000000002381000 Uncommon trap: reason=range_check action=none pc=0x0000000003181274 method=sun.reflect.generics.parser.SignatureParser.current()C @ 34
Event: 116.483 Thread 0x0000000002381000 Uncommon trap: reason=range_check action=none pc=0x0000000003181274 method=sun.reflect.generics.parser.SignatureParser.current()C @ 34
Event: 116.483 Thread 0x0000000002381000 Uncommon trap: reason=range_check action=none pc=0x0000000003181274 method=sun.reflect.generics.parser.SignatureParser.current()C @ 34
Event: 116.483 Thread 0x0000000002381000 Uncommon trap: reason=range_check action=none pc=0x0000000003181274 method=sun.reflect.generics.parser.SignatureParser.current()C @ 34
Event: 116.483 Thread 0x0000000002381000 Uncommon trap: reason=range_check action=none pc=0x0000000003181274 method=sun.reflect.generics.parser.SignatureParser.current()C @ 34
Event: 116.483 Thread 0x0000000002381000 Uncommon trap: reason=range_check action=none pc=0x00000000032857bc method=sun.reflect.generics.parser.SignatureParser.current()C @ 34
Event: 131.311 Thread 0x0000000002381000 Uncommon trap: reason=unstable_if action=reinterpret pc=0x0000000003324434 method=org.codehaus.jackson.impl.ReaderBasedParser.nextToken()Lorg/codehaus/jackson/JsonToken; @ 37

Internal exceptions (10 events):
Event: 116.483 Thread 0x0000000002381000 Exception <a 'java/lang/ArrayIndexOutOfBoundsException': 28> (0x0000000774722590) thrown at [C:\re\workspace\8-2-build-windows-amd64-cygwin\jdk8u101\7261\hotspot\src\share\vm\interpreter\interpreterRuntime.cpp, line 366]
Event: 116.483 Thread 0x0000000002381000 Exception <a 'java/lang/ArrayIndexOutOfBoundsException': 39> (0x0000000774723398) thrown at [C:\re\workspace\8-2-build-windows-amd64-cygwin\jdk8u101\7261\hotspot\src\share\vm\interpreter\interpreterRuntime.cpp, line 366]
Event: 116.483 Thread 0x0000000002381000 Exception <a 'java/lang/ArrayIndexOutOfBoundsException': 28> (0x0000000774724040) thrown at [C:\re\workspace\8-2-build-windows-amd64-cygwin\jdk8u101\7261\hotspot\src\share\vm\interpreter\interpreterRuntime.cpp, line 366]
Event: 116.483 Thread 0x0000000002381000 Exception <a 'java/lang/ArrayIndexOutOfBoundsException': 31> (0x0000000774724d40) thrown at [C:\re\workspace\8-2-build-windows-amd64-cygwin\jdk8u101\7261\hotspot\src\share\vm\interpreter\interpreterRuntime.cpp, line 366]
Event: 116.483 Thread 0x0000000002381000 Exception <a 'java/lang/ArrayIndexOutOfBoundsException': 29> (0x00000007747259e8) thrown at [C:\re\workspace\8-2-build-windows-amd64-cygwin\jdk8u101\7261\hotspot\src\share\vm\interpreter\interpreterRuntime.cpp, line 366]
Event: 116.483 Thread 0x0000000002381000 Exception <a 'java/lang/ArrayIndexOutOfBoundsException': 28> (0x00000007747266e0) thrown at [C:\re\workspace\8-2-build-windows-amd64-cygwin\jdk8u101\7261\hotspot\src\share\vm\interpreter\interpreterRuntime.cpp, line 366]
Event: 116.483 Thread 0x0000000002381000 Exception <a 'java/lang/ArrayIndexOutOfBoundsException': 32> (0x0000000774727458) thrown at [C:\re\workspace\8-2-build-windows-amd64-cygwin\jdk8u101\7261\hotspot\src\share\vm\interpreter\interpreterRuntime.cpp, line 366]
Event: 116.483 Thread 0x0000000002381000 Exception <a 'java/lang/ArrayIndexOutOfBoundsException': 32> (0x0000000774728060) thrown at [C:\re\workspace\8-2-build-windows-amd64-cygwin\jdk8u101\7261\hotspot\src\share\vm\interpreter\interpreterRuntime.cpp, line 366]
Event: 116.483 Thread 0x0000000002381000 Exception <a 'java/lang/ArrayIndexOutOfBoundsException': 31> (0x0000000774728c58) thrown at [C:\re\workspace\8-2-build-windows-amd64-cygwin\jdk8u101\7261\hotspot\src\share\vm\interpreter\interpreterRuntime.cpp, line 366]
Event: 119.647 Thread 0x0000000002381000 Exception <a 'java/net/ConnectException': Connection refused: connect> (0x0000000774aedd18) thrown at [C:\re\workspace\8-2-build-windows-amd64-cygwin\jdk8u101\7261\hotspot\src\share\vm\prims\jni.cpp, line 735]

Events (10 events):
Event: 2632.158 Executing VM operation: EnterInterpOnlyMode
Event: 2632.158 Executing nested VM operation: Deoptimize
Event: 2632.159 Executing nested VM operation: Deoptimize done
Event: 2632.159 Executing VM operation: EnterInterpOnlyMode done
Event: 2632.159 Executing VM operation: ChangeSingleStep
Event: 2632.159 Executing VM operation: ChangeSingleStep done
Event: 2632.160 Executing VM operation: ChangeSingleStep
Event: 2632.160 Executing VM operation: ChangeSingleStep done
Event: 2632.193 Executing VM operation: RedefineClasses
Event: 2632.229 Executing VM operation: RedefineClasses done


Dynamic libraries:
0x000000013fd10000 - 0x000000013fd47000 	C:\Program Files\Java\jdk1.8.0_101\jre\bin\javaw.exe
0x0000000077510000 - 0x00000000776ba000 	C:\WINDOWS\SYSTEM32\ntdll.dll
0x00000000773f0000 - 0x000000007750f000 	C:\WINDOWS\system32\kernel32.dll
0x000007fefd2e0000 - 0x000007fefd34a000 	C:\WINDOWS\system32\KERNELBASE.dll
0x000007fefd600000 - 0x000007fefd6db000 	C:\WINDOWS\system32\ADVAPI32.dll
0x000007fefe3e0000 - 0x000007fefe47f000 	C:\WINDOWS\system32\msvcrt.dll
0x000007fefe480000 - 0x000007fefe49f000 	C:\WINDOWS\SYSTEM32\sechost.dll
0x000007fefe510000 - 0x000007fefe63d000 	C:\WINDOWS\system32\RPCRT4.dll
0x00000000772f0000 - 0x00000000773ea000 	C:\WINDOWS\system32\USER32.dll
0x000007fefe4a0000 - 0x000007fefe507000 	C:\WINDOWS\system32\GDI32.dll
0x000007feff730000 - 0x000007feff73e000 	C:\WINDOWS\system32\LPK.dll
0x000007fefe820000 - 0x000007fefe8ea000 	C:\WINDOWS\system32\USP10.dll
0x000007fefb4c0000 - 0x000007fefb6b4000 	C:\WINDOWS\WinSxS\amd64_microsoft.windows.common-controls_6595b64144ccf1df_6.0.7601.18837_none_fa3b1e3d17594757\COMCTL32.dll
0x000007fefd9e0000 - 0x000007fefda51000 	C:\WINDOWS\system32\SHLWAPI.dll
0x000007fefd9b0000 - 0x000007fefd9de000 	C:\WINDOWS\system32\IMM32.DLL
0x000007fefdff0000 - 0x000007fefe0f9000 	C:\WINDOWS\system32\MSCTF.dll
0x000007fef9c10000 - 0x000007fef9c9a000 	C:\WINDOWS\system32\VSMAPIMon.dll
0x000007fef27e0000 - 0x000007fef2887000 	C:\Program Files\McAfee\Host Intrusion Prevention\HcApi.dll
0x00000000705b0000 - 0x00000000705bb000 	C:\Program Files\McAfee\Host Intrusion Prevention\HcThe.dll
0x0000000055580000 - 0x0000000055652000 	C:\Program Files\Java\jdk1.8.0_101\jre\bin\msvcr100.dll
0x000000006f5e0000 - 0x000000006fe7a000 	C:\Program Files\Java\jdk1.8.0_101\jre\bin\server\jvm.dll
0x000007fefbda0000 - 0x000007fefbda9000 	C:\WINDOWS\system32\WSOCK32.dll
0x000007feff6e0000 - 0x000007feff72d000 	C:\WINDOWS\system32\WS2_32.dll
0x000007fefdfc0000 - 0x000007fefdfc8000 	C:\WINDOWS\system32\NSI.dll
0x000007fefaee0000 - 0x000007fefaf1b000 	C:\WINDOWS\system32\WINMM.dll
0x000007fefc5f0000 - 0x000007fefc5fc000 	C:\WINDOWS\system32\VERSION.dll
0x00000000776e0000 - 0x00000000776e7000 	C:\WINDOWS\system32\PSAPI.DLL
0x00000000711e0000 - 0x00000000711ef000 	C:\Program Files\Java\jdk1.8.0_101\jre\bin\verify.dll
0x0000000065240000 - 0x0000000065269000 	C:\Program Files\Java\jdk1.8.0_101\jre\bin\java.dll
0x0000000055540000 - 0x0000000055575000 	C:\Program Files\Java\jdk1.8.0_101\jre\bin\jdwp.dll
0x00000000711d0000 - 0x00000000711d8000 	C:\Program Files\Java\jdk1.8.0_101\jre\bin\npt.dll
0x00000000003b0000 - 0x00000000003c6000 	C:\Program Files\Java\jdk1.8.0_101\jre\bin\zip.dll
0x000007fefe8f0000 - 0x000007feff67a000 	C:\WINDOWS\system32\SHELL32.dll
0x000007fefdae0000 - 0x000007fefdce3000 	C:\WINDOWS\system32\ole32.dll
0x000007fefd240000 - 0x000007fefd24f000 	C:\WINDOWS\system32\profapi.dll
0x00000000711c0000 - 0x00000000711c9000 	C:\Program Files\Java\jdk1.8.0_101\jre\bin\dt_socket.dll
0x000007fefaa20000 - 0x000007fefaa35000 	C:\WINDOWS\system32\NLAapi.dll
0x000007fef7bc0000 - 0x000007fef7bd5000 	C:\WINDOWS\system32\napinsp.dll
0x000007fef7ba0000 - 0x000007fef7bb9000 	C:\WINDOWS\system32\pnrpnsp.dll
0x000007fefca20000 - 0x000007fefca75000 	C:\WINDOWS\System32\mswsock.dll
0x000007fefc8a0000 - 0x000007fefc8fb000 	C:\WINDOWS\system32\DNSAPI.dll
0x000007fef7b90000 - 0x000007fef7b9b000 	C:\WINDOWS\System32\winrnr.dll
0x000007fef7b80000 - 0x000007fef7b90000 	C:\WINDOWS\system32\wshbth.dll
0x000007fefa330000 - 0x000007fefa357000 	C:\WINDOWS\system32\IPHLPAPI.DLL
0x000007fefa320000 - 0x000007fefa32b000 	C:\WINDOWS\system32\WINNSI.DLL
0x000007fef95a0000 - 0x000007fef95f3000 	C:\WINDOWS\System32\fwpuclnt.dll
0x000007fef7010000 - 0x000007fef7018000 	C:\WINDOWS\system32\rasadhlp.dll
0x000007fefc2d0000 - 0x000007fefc2d7000 	C:\WINDOWS\System32\wshtcpip.dll
0x000000006f380000 - 0x000000006f39a000 	C:\Program Files\Java\jdk1.8.0_101\jre\bin\net.dll
0x000007fefca10000 - 0x000007fefca17000 	C:\WINDOWS\System32\wship6.dll
0x000007fefca80000 - 0x000007fefca98000 	C:\WINDOWS\system32\CRYPTSP.dll
0x000007fefc780000 - 0x000007fefc7c7000 	C:\WINDOWS\system32\rsaenh.dll
0x000007fefd400000 - 0x000007fefd41e000 	C:\WINDOWS\system32\USERENV.dll
0x000007fefd180000 - 0x000007fefd18f000 	C:\WINDOWS\system32\CRYPTBASE.dll
0x000007fef9550000 - 0x000007fef9561000 	C:\WINDOWS\system32\dhcpcsvc6.DLL
0x000007fef98c0000 - 0x000007fef98d8000 	C:\WINDOWS\system32\dhcpcsvc.DLL
0x000000006f300000 - 0x000000006f311000 	C:\Program Files\Java\jdk1.8.0_101\jre\bin\nio.dll
0x000007fefd120000 - 0x000007fefd177000 	C:\WINDOWS\system32\apphelp.dll
0x0000000051ba0000 - 0x0000000051bc4000 	C:\Program Files\Java\jdk1.8.0_101\jre\bin\sunec.dll
0x000007fef68d0000 - 0x000007fef69f5000 	C:\WINDOWS\system32\dbghelp.dll

VM Arguments:
jvm_args: -agentlib:jdwp=transport=dt_socket,suspend=y,address=localhost:65399 -ea -Dlogback.configurationFile=src/test/resources/logback-test.xml -Dfile.encoding=Cp1252 
java_command: org.testng.remote.RemoteTestNG -serport 65394 -protocol json -d C:\Users\md9897\Projects\d2-sdnc\ui-ci\test-output C:\Users\md9897\AppData\Local\Temp\testng-eclipse-914658768\testng-customsuite.xml
java_class_path (initial): C:\Users\md9897\Desktop\eclipse\plugins\org.testng.eclipse_6.9.13.201609291640\lib\testng-remote.jar;C:\Users\md9897\Projects\d2-sdnc\ui-ci\target\test-classes;C:\Users\md9897\Projects\d2-sdnc\ui-ci\target\classes;C:\Users\md9897\.m2\repository\org\seleniumhq\selenium\selenium-java\2.45.0\selenium-java-2.45.0.jar;C:\Users\md9897\.m2\repository\org\seleniumhq\selenium\selenium-chrome-driver\2.45.0\selenium-chrome-driver-2.45.0.jar;C:\Users\md9897\.m2\repository\org\seleniumhq\selenium\selenium-remote-driver\2.45.0\selenium-remote-driver-2.45.0.jar;C:\Users\md9897\.m2\repository\cglib\cglib-nodep\2.1_3\cglib-nodep-2.1_3.jar;C:\Users\md9897\.m2\repository\org\seleniumhq\selenium\selenium-api\2.45.0\selenium-api-2.45.0.jar;C:\Users\md9897\.m2\repository\org\seleniumhq\selenium\selenium-htmlunit-driver\2.45.0\selenium-htmlunit-driver-2.45.0.jar;C:\Users\md9897\.m2\repository\net\sourceforge\htmlunit\htmlunit\2.15\htmlunit-2.15.jar;C:\Users\md9897\.m2\repository\xalan\xalan\2.7.1\xalan-2.7.1.jar;C:\Users\md9897\.m2\repository\xalan\serializer\2.7.1\serializer-2.7.1.jar;C:\Users\md9897\.m2\repository\net\sourceforge\htmlunit\htmlunit-core-js\2.15\htmlunit-core-js-2.15.jar;C:\Users\md9897\.m2\repository\xerces\xercesImpl\2.11.0\xercesImpl-2.11.0.jar;C:\Users\md9897\.m2\repository\net\sourceforge\nekohtml\nekohtml\1.9.21\nekohtml-1.9.21.jar;C:\Users\md9897\.m2\repository\net\sourceforge\cssparser\cssparser\0.9.14\cssparser-0.9.14.jar;C:\Users\md9897\.m2\repository\org\w3c\css\sac\1.3\sac-1.3.jar;C:\Users\md9897\.m2\repository\org\eclipse\jetty\jetty-websocket\8.1.15.v20140411\jetty-websocket-8.1.15.v20140411.jar;C:\Users\md9897\.m2\repository\org\eclipse\jetty\jetty-util\8.1.15.v20140411\jetty-util-8.1.15.v20140411.jar;C:\Users\md9897\.m2\repository\org\eclipse\jetty\jetty-io\8.1.15.v20140411\jetty-io-8.1.15.v20140411.jar;C:\Users\md9897\.m2\repository\org\eclipse\jetty\jetty-http\8.1.15.v20140411\jetty-http-8.1.15.v20140411.jar;C:\Users\md9897\.
Launcher Type: SUN_STANDARD

Environment Variables:
PATH=C:\Program Files\Java\jdk1.8.0_101\jre\bin;C:/Program Files/Java/jre1.8.0_101/bin/server;C:/Program Files/Java/jre1.8.0_101/bin;C:/Program Files/Java/jre1.8.0_101/lib/amd64;C:\ProgramData\Oracle\Java\javapath;C:\Program Files (x86)\RSA SecurID Token Common;C:\WINDOWS\system32;C:\WINDOWS;C:\WINDOWS\System32\Wbem;C:\WINDOWS\System32\WindowsPowerShell\v1.0\;C:\WINDOWS\System32\WindowsPowerShell\v1.0\;C:\Program Files (x86)\Git\cmd;C:\Program Files (x86)\GitExtensions\;C:\HashiCorp\Vagrant\bin;C:\Program Files (x86)\WinSCP\;C:\Program Files (x86)\PuTTY\;C:\Program Files\nodejs\;C:\Users\md9897\AppData\Roaming\npm;C:\Users\md9897\Desktop\eclipse;
USERNAME=md9897
OS=Windows_NT
PROCESSOR_IDENTIFIER=Intel64 Family 6 Model 78 Stepping 3, GenuineIntel



---------------  S Y S T E M  ---------------

OS: Windows 7 , 64 bit Build 7601 (6.1.7601.23543)

CPU:total 4 (2 cores per cpu, 2 threads per core) family 6 model 78 stepping 3, cmov, cx8, fxsr, mmx, sse, sse2, sse3, ssse3, sse4.1, sse4.2, popcnt, avx, avx2, aes, clmul, erms, rtm, 3dnowpref, lzcnt, ht, tsc, tscinvbit, bmi1, bmi2, adx

Memory: 4k page, physical 16432244k(7214352k free), swap 32862628k(23040548k free)

vm_info: Java HotSpot(TM) 64-Bit Server VM (25.101-b13) for windows-amd64 JRE (1.8.0_101-b13), built on Jun 22 2016 01:21:29 by "java_re" with MS VC++ 10.0 (VS2010)

time: Wed Nov 09 17:56:52 2016
elapsed time: 2632 seconds (0d 0h 43m 52s)

